7.2.1 11-09-2019 16:46:07 Starting new session. Mods: examplemod 
7.2.1 11-09-2019 16:46:23 MAJOR: null: Loading language: fr
7.2.1 11-09-2019 16:46:24 MAJOR: null: LanguageData loaded: fr. Wand invitem name: Wand of Summoning
7.2.1 11-09-2019 17:01:52 Starting new session. Mods: examplemod 
7.2.1 11-09-2019 17:03:10 MAJOR: null: Loading language: fr
7.2.1 11-09-2019 17:03:41 MAJOR: null: LanguageData loaded: fr. Wand invitem name: Wand of Summoning
7.2.1 11-09-2019 17:08:04 Starting new session. Mods: examplemod 
7.2.1 11-09-2019 17:08:21 MAJOR: null: Loading language: fr
7.2.1 11-09-2019 17:08:22 MAJOR: null: LanguageData loaded: fr. Wand invitem name: Wand of Summoning
7.2.1 11-09-2019 17:59:02 Starting new session. Mods: examplemod 
7.2.1 11-09-2019 17:59:24 MAJOR: null: Loading language: fr
7.2.1 11-09-2019 17:59:28 MAJOR: null: LanguageData loaded: fr. Wand invitem name: Wand of Summoning
7.2.1 11-09-2019 18:01:35 Starting new session. Mods: examplemod 
7.2.1 11-09-2019 18:01:49 MAJOR: null: Loading language: fr
7.2.1 11-09-2019 18:01:51 MAJOR: null: LanguageData loaded: fr. Wand invitem name: Wand of Summoning
7.2.1 11-09-2019 18:19:12 Starting new session. Mods: examplemod 
7.2.1 11-09-2019 18:19:39 MAJOR: null: Loading language: fr
7.2.1 11-09-2019 18:19:48 MAJOR: null: LanguageData loaded: fr. Wand invitem name: Wand of Summoning
7.2.1 11-09-2019 18:23:25 Starting new session. Mods: examplemod 
7.2.1 11-09-2019 18:23:50 MAJOR: null: Loading language: fr
7.2.1 11-09-2019 18:23:52 MAJOR: null: LanguageData loaded: fr. Wand invitem name: Wand of Summoning
7.2.1 11-09-2019 18:28:26 Starting new session. Mods: examplemod 
7.2.1 11-09-2019 18:28:51 MAJOR: null: Loading language: fr
7.2.1 11-09-2019 18:29:01 MAJOR: null: LanguageData loaded: fr. Wand invitem name: Wand of Summoning
7.2.1 11-09-2019 18:32:37 Starting new session. Mods: examplemod 
7.2.1 11-09-2019 18:32:55 MAJOR: null: Loading language: fr
7.2.1 11-09-2019 18:32:56 MAJOR: null: LanguageData loaded: fr. Wand invitem name: Wand of Summoning
7.2.1 11-09-2019 18:38:08 Starting new session. Mods: examplemod 
7.2.1 11-09-2019 18:38:24 MAJOR: null: Loading language: fr
7.2.1 11-09-2019 18:38:25 MAJOR: null: LanguageData loaded: fr. Wand invitem name: Wand of Summoning
7.2.1 11-09-2019 18:43:40 Starting new session. Mods: examplemod 
7.2.1 11-09-2019 18:43:57 MAJOR: null: Loading language: fr
7.2.1 11-09-2019 18:43:58 MAJOR: null: LanguageData loaded: fr. Wand invitem name: Wand of Summoning
7.2.1 11-09-2019 18:46:51 Starting new session. Mods: examplemod 
7.2.1 11-09-2019 18:47:08 MAJOR: null: Loading language: fr
7.2.1 11-09-2019 18:47:11 MAJOR: null: LanguageData loaded: fr. Wand invitem name: Wand of Summoning
7.2.1 11-09-2019 19:22:48 Starting new session. Mods: examplemod 
7.2.1 11-09-2019 19:23:12 MAJOR: null: Loading language: fr
7.2.1 11-09-2019 19:23:21 MAJOR: null: LanguageData loaded: fr. Wand invitem name: Wand of Summoning
7.2.1 11-09-2019 19:52:52 Starting new session. Mods: examplemod 
7.2.1 11-09-2019 19:53:19 MAJOR: null: Loading language: fr
7.2.1 11-09-2019 19:53:28 MAJOR: null: LanguageData loaded: fr. Wand invitem name: Wand of Summoning
7.2.1 11-09-2019 19:58:12 Starting new session. Mods: examplemod 
7.2.1 11-09-2019 19:58:29 MAJOR: null: Loading language: fr
7.2.1 11-09-2019 19:58:30 MAJOR: null: LanguageData loaded: fr. Wand invitem name: Wand of Summoning
7.2.1 11-09-2019 20:18:08 Starting new session. Mods: examplemod 
7.2.1 11-09-2019 20:18:29 MAJOR: null: Loading language: fr
7.2.1 11-09-2019 20:18:38 MAJOR: null: LanguageData loaded: fr. Wand invitem name: Wand of Summoning
7.2.1 11-09-2019 20:36:48 Starting new session. Mods: examplemod 
7.2.1 11-09-2019 20:37:12 MAJOR: null: Loading language: fr
7.2.1 11-09-2019 20:37:23 MAJOR: null: LanguageData loaded: fr. Wand invitem name: Wand of Summoning
7.2.1 11-09-2019 20:38:09 Starting new session. Mods: examplemod 
7.2.1 11-09-2019 20:38:26 MAJOR: null: Loading language: fr
7.2.1 11-09-2019 20:38:27 MAJOR: null: LanguageData loaded: fr. Wand invitem name: Wand of Summoning
7.2.1 11-09-2019 22:51:59 Starting new session. Mods: examplemod 
7.2.1 11-09-2019 22:52:37 MAJOR: null: Loading language: fr
7.2.1 11-09-2019 22:52:56 MAJOR: null: LanguageData loaded: fr. Wand invitem name: Wand of Summoning
7.2.1 11-09-2019 23:05:41 Starting new session. Mods: examplemod 
7.2.1 11-09-2019 23:05:58 MAJOR: null: Loading language: fr
7.2.1 11-09-2019 23:05:59 MAJOR: null: LanguageData loaded: fr. Wand invitem name: Wand of Summoning
7.2.1 11-09-2019 23:06:42 Starting new session. Mods: examplemod 
7.2.1 11-09-2019 23:06:57 MAJOR: null: Loading language: fr
7.2.1 11-09-2019 23:06:59 MAJOR: null: LanguageData loaded: fr. Wand invitem name: Wand of Summoning
7.2.1 11-09-2019 23:19:44 Starting new session. Mods: examplemod 
7.2.1 11-09-2019 23:20:13 MAJOR: null: Loading language: fr
7.2.1 11-09-2019 23:20:25 MAJOR: null: LanguageData loaded: fr. Wand invitem name: Wand of Summoning
7.2.1 11-09-2019 23:23:22 Starting new session. Mods: examplemod 
7.2.1 11-09-2019 23:23:36 MAJOR: null: Loading language: fr
7.2.1 11-09-2019 23:23:37 MAJOR: null: LanguageData loaded: fr. Wand invitem name: Wand of Summoning
7.2.1 11-09-2019 23:36:28 Starting new session. Mods: examplemod 
7.2.1 11-09-2019 23:36:45 MAJOR: null: Loading language: fr
7.2.1 11-09-2019 23:36:46 MAJOR: null: LanguageData loaded: fr. Wand invitem name: Wand of Summoning
7.2.1 11-09-2019 23:48:34 Starting new session. Mods: examplemod 
7.2.1 11-09-2019 23:48:50 MAJOR: null: Loading language: fr
7.2.1 11-09-2019 23:48:51 MAJOR: null: LanguageData loaded: fr. Wand invitem name: Wand of Summoning
7.2.1 11-09-2019 23:54:06 Starting new session. Mods: examplemod 
7.2.1 11-09-2019 23:54:22 MAJOR: null: Loading language: fr
7.2.1 11-09-2019 23:54:23 MAJOR: null: LanguageData loaded: fr. Wand invitem name: Wand of Summoning
7.2.1 12-09-2019 00:34:39 Starting new session. Mods: examplemod 
7.2.1 12-09-2019 00:34:57 MAJOR: null: Loading language: fr
7.2.1 12-09-2019 00:35:17 MAJOR: null: LanguageData loaded: fr. Wand invitem name: Wand of Summoning
7.2.1 12-09-2019 00:40:45 Starting new session. Mods: examplemod 
7.2.1 12-09-2019 00:41:03 MAJOR: null: Loading language: fr
7.2.1 12-09-2019 00:41:05 MAJOR: null: LanguageData loaded: fr. Wand invitem name: Wand of Summoning
7.2.1 12-09-2019 16:20:06 Starting new session. Mods: examplemod 
7.2.1 12-09-2019 16:20:33 MAJOR: null: Loading language: fr
7.2.1 12-09-2019 16:20:44 MAJOR: null: LanguageData loaded: fr. Wand invitem name: Wand of Summoning
7.2.1 12-09-2019 18:08:15 Starting new session. Mods: examplemod 
7.2.1 12-09-2019 18:08:29 MAJOR: null: Loading language: fr
7.2.1 12-09-2019 18:08:30 MAJOR: null: LanguageData loaded: fr. Wand invitem name: Wand of Summoning
7.2.1 12-09-2019 18:10:45 Starting new session. Mods: examplemod 
7.2.1 12-09-2019 18:10:59 MAJOR: null: Loading language: fr
7.2.1 12-09-2019 18:11:00 MAJOR: null: LanguageData loaded: fr. Wand invitem name: Wand of Summoning
7.2.1 12-09-2019 18:13:42 Starting new session. Mods: examplemod 
7.2.1 12-09-2019 18:13:58 MAJOR: null: Loading language: fr
7.2.1 12-09-2019 18:13:59 MAJOR: null: LanguageData loaded: fr. Wand invitem name: Wand of Summoning
7.2.1 12-09-2019 18:20:05 Starting new session. Mods: examplemod 
7.2.1 12-09-2019 18:20:19 MAJOR: null: Loading language: fr
7.2.1 12-09-2019 18:20:20 MAJOR: null: LanguageData loaded: fr. Wand invitem name: Wand of Summoning
7.2.1 12-09-2019 18:27:17 Starting new session. Mods: examplemod 
7.2.1 12-09-2019 18:27:32 MAJOR: null: Loading language: fr
7.2.1 12-09-2019 18:27:33 MAJOR: null: LanguageData loaded: fr. Wand invitem name: Wand of Summoning
7.2.1 12-09-2019 18:29:32 Starting new session. Mods: examplemod 
7.2.1 12-09-2019 18:29:47 MAJOR: null: Loading language: fr
7.2.1 12-09-2019 18:29:48 MAJOR: null: LanguageData loaded: fr. Wand invitem name: Wand of Summoning
7.2.1 12-09-2019 18:39:36 Starting new session. Mods: examplemod 
7.2.1 12-09-2019 18:40:01 MAJOR: null: Loading language: fr
7.2.1 12-09-2019 18:40:04 MAJOR: null: LanguageData loaded: fr. Wand invitem name: Wand of Summoning
7.2.1 12-09-2019 18:42:13 Starting new session. Mods: examplemod 
7.2.1 12-09-2019 18:42:26 MAJOR: null: Loading language: fr
7.2.1 12-09-2019 18:42:28 MAJOR: null: LanguageData loaded: fr. Wand invitem name: Wand of Summoning
7.2.1 12-09-2019 21:28:41 Starting new session. Mods: examplemod 
7.2.1 12-09-2019 21:29:08 MAJOR: null: Loading language: fr
7.2.1 12-09-2019 21:29:16 MAJOR: null: LanguageData loaded: fr. Wand invitem name: Wand of Summoning
7.2.1 12-09-2019 21:36:16 Starting new session. Mods: examplemod 
7.2.1 12-09-2019 21:36:30 MAJOR: null: Loading language: fr
7.2.1 12-09-2019 21:36:32 MAJOR: null: LanguageData loaded: fr. Wand invitem name: Wand of Summoning
7.2.1 12-09-2019 21:47:50 Starting new session. Mods: examplemod 
7.2.1 12-09-2019 21:48:05 MAJOR: null: Loading language: fr
7.2.1 12-09-2019 21:48:06 MAJOR: null: LanguageData loaded: fr. Wand invitem name: Wand of Summoning
7.2.1 12-09-2019 21:54:56 Starting new session. Mods: examplemod 
7.2.1 12-09-2019 21:55:09 MAJOR: null: Loading language: fr
7.2.1 12-09-2019 21:55:10 MAJOR: null: LanguageData loaded: fr. Wand invitem name: Wand of Summoning
7.2.1 12-09-2019 21:57:05 Starting new session. Mods: examplemod 
7.2.1 12-09-2019 21:57:24 MAJOR: null: Loading language: fr
7.2.1 12-09-2019 21:57:26 MAJOR: null: LanguageData loaded: fr. Wand invitem name: Wand of Summoning
7.2.1 12-09-2019 22:08:56 Starting new session. Mods: examplemod 
7.2.1 12-09-2019 22:09:11 MAJOR: null: Loading language: fr
7.2.1 12-09-2019 22:09:12 MAJOR: null: LanguageData loaded: fr. Wand invitem name: Wand of Summoning
7.2.1 12-09-2019 22:26:53 Starting new session. Mods: examplemod 
7.2.1 12-09-2019 22:27:07 MAJOR: null: Loading language: fr
7.2.1 12-09-2019 22:27:08 MAJOR: null: LanguageData loaded: fr. Wand invitem name: Wand of Summoning
7.2.1 12-09-2019 22:38:14 Starting new session. Mods: examplemod 
7.2.1 12-09-2019 22:38:38 MAJOR: null: Loading language: fr
7.2.1 12-09-2019 22:38:48 MAJOR: null: LanguageData loaded: fr. Wand invitem name: Wand of Summoning
7.2.1 12-09-2019 23:48:56 Starting new session. Mods: examplemod 
7.2.1 12-09-2019 23:49:15 MAJOR: null: Loading language: fr
7.2.1 12-09-2019 23:49:16 MAJOR: null: LanguageData loaded: fr. Wand invitem name: Wand of Summoning
7.2.1 13-09-2019 00:01:01 Starting new session. Mods: examplemod 
7.2.1 13-09-2019 00:01:14 MAJOR: null: Loading language: fr
7.2.1 13-09-2019 00:01:15 MAJOR: null: LanguageData loaded: fr. Wand invitem name: Wand of Summoning
7.2.1 13-09-2019 00:02:08 Starting new session. Mods: examplemod 
7.2.1 13-09-2019 00:02:21 MAJOR: null: Loading language: fr
7.2.1 13-09-2019 00:02:23 MAJOR: null: LanguageData loaded: fr. Wand invitem name: Wand of Summoning
7.2.1 13-09-2019 00:24:36 Starting new session. Mods: examplemod 
7.2.1 13-09-2019 00:24:50 MAJOR: null: Loading language: fr
7.2.1 13-09-2019 00:24:52 MAJOR: null: LanguageData loaded: fr. Wand invitem name: Wand of Summoning
7.2.1 13-09-2019 00:42:50 Starting new session. Mods: examplemod 
7.2.1 13-09-2019 00:43:08 MAJOR: null: Loading language: fr
7.2.1 13-09-2019 00:43:11 MAJOR: null: LanguageData loaded: fr. Wand invitem name: Wand of Summoning
7.2.1 13-09-2019 00:45:24 Starting new session. Mods: examplemod 
7.2.1 13-09-2019 00:45:38 MAJOR: null: Loading language: fr
7.2.1 13-09-2019 00:45:39 MAJOR: null: LanguageData loaded: fr. Wand invitem name: Wand of Summoning
7.2.1 13-09-2019 01:29:58 Starting new session. Mods: examplemod 
7.2.1 13-09-2019 01:30:15 MAJOR: null: Loading language: fr
7.2.1 13-09-2019 01:30:16 MAJOR: null: LanguageData loaded: fr. Wand invitem name: Wand of Summoning
7.2.1 13-09-2019 01:36:26 Starting new session. Mods: examplemod 
7.2.1 13-09-2019 01:36:40 MAJOR: null: Loading language: fr
7.2.1 13-09-2019 01:36:41 MAJOR: null: LanguageData loaded: fr. Wand invitem name: Wand of Summoning
7.2.1 13-09-2019 01:50:27 Starting new session. Mods: examplemod 
7.2.1 13-09-2019 01:50:48 MAJOR: null: Loading language: fr
7.2.1 13-09-2019 01:50:50 MAJOR: null: LanguageData loaded: fr. Wand invitem name: Wand of Summoning
7.2.1 13-09-2019 02:02:37 Starting new session. Mods: examplemod 
7.2.1 13-09-2019 02:02:50 MAJOR: null: Loading language: fr
7.2.1 13-09-2019 02:02:51 MAJOR: null: LanguageData loaded: fr. Wand invitem name: Wand of Summoning
7.2.1 13-09-2019 13:40:05 Starting new session. Mods: examplemod 
7.2.1 13-09-2019 13:40:33 MAJOR: null: Loading language: fr
7.2.1 13-09-2019 13:40:37 MAJOR: null: LanguageData loaded: fr. Wand invitem name: Wand of Summoning
7.2.1 13-09-2019 18:54:26 ERROR: (oaktower_A0 at -7/64/1095/2/0/656076632/Mono Paratiritio/net.minecraft.world.WorldServer@269b833c): No selling data from player Black___cat, only has data for [Ljava.lang.Object;@1db9eae5
7.2.1 13-09-2019 18:54:33 ERROR: (oaktower_A0 at -7/64/1095/2/0/656076632/Mono Paratiritio/net.minecraft.world.WorldServer@269b833c): No selling data from player Black___cat, only has data for [Ljava.lang.Object;@4c30af13
7.2.1 13-09-2019 21:26:07 ERROR: (manor_A0 at -338/68/555/2/0/883511827/Le Mesnil-les-p?tures/net.minecraft.world.WorldServer@269b833c): Exception in Villager.onUpdate(): 
7.2.1 13-09-2019 21:26:07 Exception, printing stack:
7.2.1 13-09-2019 21:26:07 java.lang.NullPointerException
	at org.millenaire.common.village.Building.writePaths(Building.java:7968)
	at org.millenaire.common.village.Building.writeToNBT(Building.java:8238)
	at org.millenaire.common.village.Building$SaveWorker.run(Building.java:367)

7.2.1 13-09-2019 21:54:30 Starting new session. Mods: examplemod 
7.2.1 13-09-2019 21:55:00 MAJOR: null: Loading language: fr
7.2.1 13-09-2019 21:55:11 MAJOR: null: LanguageData loaded: fr. Wand invitem name: Wand of Summoning
7.2.1 13-09-2019 23:11:14 Starting new session. Mods: examplemod 
7.2.1 13-09-2019 23:11:30 MAJOR: null: Loading language: fr
7.2.1 13-09-2019 23:11:31 MAJOR: null: LanguageData loaded: fr. Wand invitem name: Wand of Summoning
7.2.1 13-09-2019 23:11:43 Exception, printing stack:
7.2.1 13-09-2019 23:11:43 Exception, printing stack:
7.2.1 13-09-2019 23:11:44 java.nio.file.FileSystemException: .\world\millenaire\buildings\-6_64_1092_temp.gz -> .\world\millenaire\buildings\-6_64_1092.gz: 程序o法存取n案，因n案正由另一程序使用。

	at sun.nio.fs.WindowsException.translateToIOException(Unknown Source)
	at sun.nio.fs.WindowsException.rethrowAsIOException(Unknown Source)
	at sun.nio.fs.WindowsFileCopy.move(Unknown Source)
	at sun.nio.fs.WindowsFileSystemProvider.move(Unknown Source)
	at java.nio.file.Files.move(Unknown Source)
	at org.millenaire.common.village.Building$SaveWorker.run(Building.java:394)

7.2.1 13-09-2019 23:11:44 java.nio.file.FileSystemException: .\world\millenaire\buildings\-338_68_562_temp.gz -> .\world\millenaire\buildings\-338_68_562.gz: 程序o法存取n案，因n案正由另一程序使用。

	at sun.nio.fs.WindowsException.translateToIOException(Unknown Source)
	at sun.nio.fs.WindowsException.rethrowAsIOException(Unknown Source)
	at sun.nio.fs.WindowsFileCopy.move(Unknown Source)
	at sun.nio.fs.WindowsFileSystemProvider.move(Unknown Source)
	at java.nio.file.Files.move(Unknown Source)
	at org.millenaire.common.village.Building$SaveWorker.run(Building.java:394)

7.2.1 13-09-2019 23:14:04 Starting new session. Mods: examplemod 
7.2.1 13-09-2019 23:14:18 MAJOR: null: Loading language: fr
7.2.1 13-09-2019 23:14:19 MAJOR: null: LanguageData loaded: fr. Wand invitem name: Wand of Summoning
7.2.1 14-09-2019 00:26:51 Starting new session. Mods: examplemod 
7.2.1 14-09-2019 00:27:04 MAJOR: null: Loading language: fr
7.2.1 14-09-2019 00:27:05 MAJOR: null: LanguageData loaded: fr. Wand invitem name: Wand of Summoning
7.2.1 14-09-2019 11:32:20 Starting new session. Mods: examplemod 
7.2.1 14-09-2019 11:32:45 MAJOR: null: Loading language: fr
7.2.1 14-09-2019 11:32:56 MAJOR: null: LanguageData loaded: fr. Wand invitem name: Wand of Summoning
7.2.1 14-09-2019 12:52:59 Starting new session. Mods: examplemod 
7.2.1 14-09-2019 12:53:13 MAJOR: null: Loading language: fr
7.2.1 14-09-2019 12:53:15 MAJOR: null: LanguageData loaded: fr. Wand invitem name: Wand of Summoning
7.2.1 14-09-2019 13:00:07 Starting new session. Mods: examplemod 
7.2.1 14-09-2019 13:00:33 MAJOR: null: Loading language: fr
7.2.1 14-09-2019 13:00:34 MAJOR: null: LanguageData loaded: fr. Wand invitem name: Wand of Summoning
7.2.1 14-09-2019 16:27:36 Starting new session. Mods: examplemod 
7.2.1 14-09-2019 16:28:02 MAJOR: null: Loading language: fr
7.2.1 14-09-2019 16:28:06 MAJOR: null: LanguageData loaded: fr. Wand invitem name: Wand of Summoning
7.2.1 14-09-2019 16:28:55 MAJOR: null: Name of player with UUID '51a20a8b-ab09-3689-be73-741e5c251af0' changed from 'null' to 'Artellu'.
7.2.1 14-09-2019 20:48:40 Starting new session. Mods: examplemod 
7.2.1 14-09-2019 20:49:04 MAJOR: null: Loading language: fr
7.2.1 14-09-2019 20:49:13 MAJOR: null: LanguageData loaded: fr. Wand invitem name: Wand of Summoning
7.2.1 15-09-2019 12:34:39 Starting new session. Mods: examplemod 
7.2.1 15-09-2019 12:35:15 MAJOR: null: Loading language: fr
7.2.1 15-09-2019 12:35:29 MAJOR: null: LanguageData loaded: fr. Wand invitem name: Wand of Summoning
7.2.1 15-09-2019 16:56:06 Starting new session. Mods: examplemod 
7.2.1 15-09-2019 16:56:33 MAJOR: null: Loading language: fr
7.2.1 15-09-2019 16:56:42 MAJOR: null: LanguageData loaded: fr. Wand invitem name: Wand of Summoning
7.2.1 15-09-2019 17:02:38 Starting new session. Mods: examplemod 
7.2.1 15-09-2019 17:03:00 MAJOR: null: Loading language: fr
7.2.1 15-09-2019 17:03:10 MAJOR: null: LanguageData loaded: fr. Wand invitem name: Wand of Summoning
7.2.1 15-09-2019 19:51:20 Starting new session. Mods: examplemod 
7.2.1 15-09-2019 19:51:38 MAJOR: null: Loading language: fr
7.2.1 15-09-2019 19:51:51 MAJOR: null: LanguageData loaded: fr. Wand invitem name: Wand of Summoning
7.2.1 18-09-2019 15:44:00 Starting new session. Mods: examplemod 
7.2.1 18-09-2019 15:44:45 MAJOR: null: Loading language: fr
7.2.1 18-09-2019 15:45:04 MAJOR: null: LanguageData loaded: fr. Wand invitem name: Wand of Summoning
7.2.1 18-09-2019 19:14:22 Starting new session. Mods: examplemod 
7.2.1 18-09-2019 19:15:01 MAJOR: null: Loading language: fr
7.2.1 18-09-2019 19:15:13 MAJOR: null: LanguageData loaded: fr. Wand invitem name: Wand of Summoning
7.2.1 18-09-2019 22:35:23 Starting new session. Mods: examplemod 
7.2.1 18-09-2019 22:35:52 MAJOR: null: Loading language: fr
7.2.1 18-09-2019 22:36:13 MAJOR: null: LanguageData loaded: fr. Wand invitem name: Wand of Summoning
7.2.1 18-09-2019 22:42:16 Starting new session. Mods: examplemod 
7.2.1 18-09-2019 22:42:31 MAJOR: null: Loading language: fr
7.2.1 18-09-2019 22:42:33 MAJOR: null: LanguageData loaded: fr. Wand invitem name: Wand of Summoning
